Using pre-set license
Built from '2020.3/staging' branch; Version is '2020.3.30f1 (1fb1bf06830e) revision 2077119'; Using compiler version '192528614'; Build Type 'Release'
OS: 'Windows 10  (10.0.18363) 64bit Education' Language: 'pt' Physical Memory: 15815 MB
BatchMode: 1, IsHumanControllingUs: 0, StartBugReporterOnCrash: 0, Is64bit: 1, IsPro: 0

COMMAND LINE ARGUMENTS:
A:\Program Files\Unity\Hub\Editor\2020.3.30f1\Editor\Unity.exe
-adb2
-batchMode
-noUpm
-name
AssetImportWorker0
-projectPath
A:/Faculdade/AR/TiroAlvo-AR/Tiro-Alvo-AR
-logFile
Logs/AssetImportWorker0.log
-srvPort
57894
Successfully changed project path to: A:/Faculdade/AR/TiroAlvo-AR/Tiro-Alvo-AR
A:/Faculdade/AR/TiroAlvo-AR/Tiro-Alvo-AR
Using Asset Import Pipeline V2.
Refreshing native plugins compatible for Editor in 62.22 ms, found 9 plugins.
Preloading 1 native plugins for Editor in 1.83 ms.
Initialize engine version: 2020.3.30f1 (1fb1bf06830e)
[Subsystems] Discovering subsystems at path A:/Program Files/Unity/Hub/Editor/2020.3.30f1/Editor/Data/Resources/UnitySubsystems
[Subsystems] Discovering subsystems at path A:/Faculdade/AR/TiroAlvo-AR/Tiro-Alvo-AR/Assets
GfxDevice: creating device client; threaded=0
Direct3D:
    Version:  Direct3D 11.0 [level 11.1]
    Renderer: Radeon RX 580 Series (ID=0x67df)
    Vendor:   
    VRAM:     8170 MB
    Driver:   30.0.15021.1001
Initialize mono
Mono path[0] = 'A:/Program Files/Unity/Hub/Editor/2020.3.30f1/Editor/Data/Managed'
Mono path[1] = 'A:/Program Files/Unity/Hub/Editor/2020.3.30f1/Editor/Data/MonoBleedingEdge/lib/mono/unityjit'
Mono config path = 'A:/Program Files/Unity/Hub/Editor/2020.3.30f1/Editor/Data/MonoBleedingEdge/etc'
Using monoOptions --debugger-agent=transport=dt_socket,embedding=1,server=y,suspend=n,address=127.0.0.1:56920
Begin MonoManager ReloadAssembly
Registering precompiled unity dll's ...
Register platform support module: A:/Program Files/Unity/Hub/Editor/2020.3.30f1/Editor/Data/PlaybackEngines/WebGLSupport/UnityEditor.WebGL.Extensions.dll
Register platform support module: A:/Program Files/Unity/Hub/Editor/2020.3.30f1/Editor/Data/PlaybackEngines/WindowsStandaloneSupport/UnityEditor.WindowsStandalone.Extensions.dll
Registered in 0.004848 seconds.
Native extension for WindowsStandalone target not found
Native extension for WebGL target not found
Refreshing native plugins compatible for Editor in 48.81 ms, found 9 plugins.
Preloading 1 native plugins for Editor in 0.20 ms.
Mono: successfully reloaded assembly
- Completed reload, in  0.782 seconds
Domain Reload Profiling:
	ReloadAssembly (782ms)
		BeginReloadAssembly (107ms)
			ExecutionOrderSort (0ms)
			DisableScriptedObjects (0ms)
			BackupInstance (0ms)
			ReleaseScriptingObjects (0ms)
			CreateAndSetChildDomain (1ms)
		EndReloadAssembly (579ms)
			LoadAssemblies (102ms)
			RebuildTransferFunctionScriptingTraits (0ms)
			SetupTypeCache (135ms)
			ReleaseScriptCaches (0ms)
			RebuildScriptCaches (33ms)
			SetupLoadedEditorAssemblies (254ms)
				LogAssemblyErrors (0ms)
				InitializePlatformSupportModulesInManaged (9ms)
				SetLoadedEditorAssemblies (0ms)
				RefreshPlugins (49ms)
				BeforeProcessingInitializeOnLoad (28ms)
				ProcessInitializeOnLoadAttributes (129ms)
				ProcessInitializeOnLoadMethodAttributes (39ms)
				AfterProcessingInitializeOnLoad (0ms)
				EditorAssembliesLoaded (0ms)
			ExecutionOrderSort2 (0ms)
			AwakeInstancesAfterBackupRestoration (0ms)
Platform modules already initialized, skipping
Registering precompiled user dll's ...
Registered in 0.013317 seconds.
Begin MonoManager ReloadAssembly
Native extension for WindowsStandalone target not found
Native extension for WebGL target not found
Refreshing native plugins compatible for Editor in 55.93 ms, found 9 plugins.
Preloading 1 native plugins for Editor in 0.22 ms.
Mono: successfully reloaded assembly
- Completed reload, in  1.679 seconds
Domain Reload Profiling:
	ReloadAssembly (1680ms)
		BeginReloadAssembly (251ms)
			ExecutionOrderSort (0ms)
			DisableScriptedObjects (11ms)
			BackupInstance (0ms)
			ReleaseScriptingObjects (0ms)
			CreateAndSetChildDomain (27ms)
		EndReloadAssembly (1339ms)
			LoadAssemblies (171ms)
			RebuildTransferFunctionScriptingTraits (0ms)
			SetupTypeCache (316ms)
			ReleaseScriptCaches (1ms)
			RebuildScriptCaches (71ms)
			SetupLoadedEditorAssemblies (598ms)
				LogAssemblyErrors (0ms)
				InitializePlatformSupportModulesInManaged (8ms)
				SetLoadedEditorAssemblies (0ms)
				RefreshPlugins (56ms)
				BeforeProcessingInitializeOnLoad (171ms)
				ProcessInitializeOnLoadAttributes (328ms)
				ProcessInitializeOnLoadMethodAttributes (16ms)
				AfterProcessingInitializeOnLoad (18ms)
				EditorAssembliesLoaded (1ms)
			ExecutionOrderSort2 (0ms)
			AwakeInstancesAfterBackupRestoration (10ms)
Platform modules already initialized, skipping
========================================================================
Worker process is ready to serve import requests
Launched and connected shader compiler UnityShaderCompiler.exe after 0.05 seconds
Refreshing native plugins compatible for Editor in 0.88 ms, found 9 plugins.
Preloading 1 native plugins for Editor in 0.16 ms.
Unloading 2277 Unused Serialized files (Serialized files now loaded: 0)
System memory in use before: 93.6 MB.
System memory in use after: 93.7 MB.

Unloading 18 unused Assets to reduce memory usage. Loaded Objects now: 2712.
Total: 3.688947 ms (FindLiveObjects: 0.631645 ms CreateObjectMapping: 0.079410 ms MarkObjects: 2.885004 ms  DeleteObjects: 0.086114 ms)

AssetImportParameters requested are different than current active one (requested -> active):
  custom:framework-win-MediaFoundation: 216162199b28c13a410421893ffa2e32 -> 
  custom:video-decoder-ogg-theora: a1e56fd34408186e4bbccfd4996cb3dc -> 
  custom:container-muxer-webm: aa71ff27fc2769a1b78a27578f13a17b -> 
  custom:container-demuxer-webm: 4f35f7cbe854078d1ac9338744f61a02 -> 
  custom:container-demuxer-ogg: 62fdf1f143b41e24485cea50d1cbac27 -> 
  custom:video-encoder-webm-vp8: eb34c28f22e8b96e1ab97ce403110664 -> 
  custom:video-decoder-webm-vp8: 9c59270c3fd7afecdb556c50c9e8de78 -> 
  custom:audio-decoder-ogg-vorbis: bf7c407c2cedff20999df2af8eb42d56 -> 
  custom:audio-encoder-webm-vorbis: bf7c407c2cedff20999df2af8eb42d56 -> 
========================================================================
Received Import Request.
  path: Assets/Scripts/MovableTarget.cs
  artifactKey: Guid(4e92fb69b8bbcb047bddb78620852fb4) Importer(815301076,1909f56bfc062723c751e8b465ee728b)
Start importing Assets/Scripts/MovableTarget.cs using Guid(4e92fb69b8bbcb047bddb78620852fb4) Importer(815301076,1909f56bfc062723c751e8b465ee728b)  -> (artifact id: 'acc4cf089d18462b6d0e129ed2ab15ff') in 0.030026 seconds 
========================================================================
Received Import Request.
  Time since last request: 144.023357 seconds.
  path: Assets/ExampleAssets/Scripts/ARFeatheredPlaneMeshVisualizer.cs
  artifactKey: Guid(de9919161fbca46b79a86ecacee38c30) Importer(815301076,1909f56bfc062723c751e8b465ee728b)
Start importing Assets/ExampleAssets/Scripts/ARFeatheredPlaneMeshVisualizer.cs using Guid(de9919161fbca46b79a86ecacee38c30) Importer(815301076,1909f56bfc062723c751e8b465ee728b)  -> (artifact id: '9f23b81a464509f064a4278060e1bd14') in 0.006198 seconds 
========================================================================
Received Import Request.
  Time since last request: 0.079108 seconds.
  path: Assets/ExampleAssets/Scripts/AnchorCreator.cs
  artifactKey: Guid(788587e994f1943f3856c1c332db429b) Importer(815301076,1909f56bfc062723c751e8b465ee728b)
Start importing Assets/ExampleAssets/Scripts/AnchorCreator.cs using Guid(788587e994f1943f3856c1c332db429b) Importer(815301076,1909f56bfc062723c751e8b465ee728b)  -> (artifact id: '699262f37a6ee99105174143e751f65c') in 0.006067 seconds 
========================================================================
Received Import Request.
  Time since last request: 0.006868 seconds.
  path: Assets/Scripts/UI.cs
  artifactKey: Guid(64983dbc911946345ba9d2c4811d1fa8) Importer(815301076,1909f56bfc062723c751e8b465ee728b)
Start importing Assets/Scripts/UI.cs using Guid(64983dbc911946345ba9d2c4811d1fa8) Importer(815301076,1909f56bfc062723c751e8b465ee728b)  -> (artifact id: '9faabf07776d14a6b1c95a68772744e1') in 0.005766 seconds 
========================================================================
Received Import Request.
  Time since last request: 0.006609 seconds.
  path: Assets/Scripts/Sound.cs
  artifactKey: Guid(3b4ae366c038d4c49a06c9961d3e92ad) Importer(815301076,1909f56bfc062723c751e8b465ee728b)
Start importing Assets/Scripts/Sound.cs using Guid(3b4ae366c038d4c49a06c9961d3e92ad) Importer(815301076,1909f56bfc062723c751e8b465ee728b)  -> (artifact id: '3d4f58c984e76e143043f01ac9e713dc') in 0.005799 seconds 
========================================================================
Received Import Request.
  Time since last request: 0.005970 seconds.
  path: Assets/Scripts/GameManager.cs
  artifactKey: Guid(0163c6b5930d587489c2704f3f7976c8) Importer(815301076,1909f56bfc062723c751e8b465ee728b)
Start importing Assets/Scripts/GameManager.cs using Guid(0163c6b5930d587489c2704f3f7976c8) Importer(815301076,1909f56bfc062723c751e8b465ee728b)  -> (artifact id: '1eb1e7ec660c45a210bf74a9b92a479a') in 0.006114 seconds 
========================================================================
Received Import Request.
  Time since last request: 0.008027 seconds.
  path: Assets/Scripts/Target.cs
  artifactKey: Guid(002cd5dfdd93cd14c91764049dae1c23) Importer(815301076,1909f56bfc062723c751e8b465ee728b)
Start importing Assets/Scripts/Target.cs using Guid(002cd5dfdd93cd14c91764049dae1c23) Importer(815301076,1909f56bfc062723c751e8b465ee728b)  -> (artifact id: '8b5390eb16a840ef6729319954558b3e') in 0.005297 seconds 
========================================================================
Received Import Request.
  Time since last request: 0.016803 seconds.
  path: Assets/Scripts/AudioManager.cs
  artifactKey: Guid(28ad302519d3f624db4e5a3cf2490476) Importer(815301076,1909f56bfc062723c751e8b465ee728b)
Start importing Assets/Scripts/AudioManager.cs using Guid(28ad302519d3f624db4e5a3cf2490476) Importer(815301076,1909f56bfc062723c751e8b465ee728b)  -> (artifact id: '875e3e14f73d61445527f8daff003507') in 0.005691 seconds 
